Building with prefetcher EIP_8W
./build_champsim.sh hashed_perceptron EIP_8W next_line spp_dev no lru 1
Building single-core ChampSim...

rm -f -r obj
Generating dependencies for src/ooo_cpu.cc...
Compiling src/ooo_cpu.cc...
Generating dependencies for src/uncore.cc...
Compiling src/uncore.cc...
Generating dependencies for src/dram_controller.cc...
Compiling src/dram_controller.cc...
Generating dependencies for src/cache.cc...
Compiling src/cache.cc...
Generating dependencies for src/block.cc...
Compiling src/block.cc...
Generating dependencies for src/main.cc...
Compiling src/main.cc...
Generating dependencies for branch/branch_predictor.cc...
Compiling branch/branch_predictor.cc...
Generating dependencies for replacement/llc_replacement.cc...
Compiling replacement/llc_replacement.cc...
Generating dependencies for replacement/base_replacement.cc...
Compiling replacement/base_replacement.cc...
Generating dependencies for prefetcher/l1d_prefetcher.cc...
Compiling prefetcher/l1d_prefetcher.cc...
Generating dependencies for prefetcher/l1i_prefetcher.cc...
Compiling prefetcher/l1i_prefetcher.cc...
Generating dependencies for prefetcher/l2c_prefetcher.cc...
Compiling prefetcher/l2c_prefetcher.cc...
Generating dependencies for prefetcher/kpcp_util.cc...
Compiling prefetcher/kpcp_util.cc...
Generating dependencies for prefetcher/llc_prefetcher.cc...
Compiling prefetcher/llc_prefetcher.cc...
Linking bin/champsim...

[1mChampSim is successfully built
Branch Predictor: hashed_perceptron
L1I Prefetcher: EIP_8W
L1D Prefetcher: next_line
L2C Prefetcher: spp_dev
LLC Prefetcher: no
LLC Replacement: lru
Cores: 1
Binary: bin/hashed_perceptron-EIP_8W-next_line-spp_dev-no-lru-1core



 ------------ Running all the traces for 0 ------------


 	 ./run_champsim.sh  hashed_perceptron-EIP_8W-next_line-spp_dev-no-lru-1core 50 50 client_001.champsimtrace.xz

 	 ./run_champsim.sh  hashed_perceptron-EIP_8W-next_line-spp_dev-no-lru-1core 50 50 client_002.champsimtrace.xz

 	 ./run_champsim.sh  hashed_perceptron-EIP_8W-next_line-spp_dev-no-lru-1core 50 50 client_003.champsimtrace.xz

 	 ./run_champsim.sh  hashed_perceptron-EIP_8W-next_line-spp_dev-no-lru-1core 50 50 client_004.champsimtrace.xz

 	 ./run_champsim.sh  hashed_perceptron-EIP_8W-next_line-spp_dev-no-lru-1core 50 50 client_005.champsimtrace.xz

 	 ./run_champsim.sh  hashed_perceptron-EIP_8W-next_line-spp_dev-no-lru-1core 50 50 client_006.champsimtrace.xz

 	 ./run_champsim.sh  hashed_perceptron-EIP_8W-next_line-spp_dev-no-lru-1core 50 50 client_007.champsimtrace.xz

 	 ./run_champsim.sh  hashed_perceptron-EIP_8W-next_line-spp_dev-no-lru-1core 50 50 client_008.champsimtrace.xz

 	 ./run_champsim.sh  hashed_perceptron-EIP_8W-next_line-spp_dev-no-lru-1core 50 50 server_001.champsimtrace.xz

 	 ./run_champsim.sh  hashed_perceptron-EIP_8W-next_line-spp_dev-no-lru-1core 50 50 server_002.champsimtrace.xz

 	 ./run_champsim.sh  hashed_perceptron-EIP_8W-next_line-spp_dev-no-lru-1core 50 50 server_003.champsimtrace.xz

 	 ./run_champsim.sh  hashed_perceptron-EIP_8W-next_line-spp_dev-no-lru-1core 50 50 server_004.champsimtrace.xz

 	 ./run_champsim.sh  hashed_perceptron-EIP_8W-next_line-spp_dev-no-lru-1core 50 50 server_009.champsimtrace.xz

 	 ./run_champsim.sh  hashed_perceptron-EIP_8W-next_line-spp_dev-no-lru-1core 50 50 server_010.champsimtrace.xz

 	 ./run_champsim.sh  hashed_perceptron-EIP_8W-next_line-spp_dev-no-lru-1core 50 50 server_011.champsimtrace.xz

 	 ./run_champsim.sh  hashed_perceptron-EIP_8W-next_line-spp_dev-no-lru-1core 50 50 server_012.champsimtrace.xz

 	 ./run_champsim.sh  hashed_perceptron-EIP_8W-next_line-spp_dev-no-lru-1core 50 50 server_013.champsimtrace.xz

 	 ./run_champsim.sh  hashed_perceptron-EIP_8W-next_line-spp_dev-no-lru-1core 50 50 server_014.champsimtrace.xz

 	 ./run_champsim.sh  hashed_perceptron-EIP_8W-next_line-spp_dev-no-lru-1core 50 50 server_015.champsimtrace.xz

 	 ./run_champsim.sh  hashed_perceptron-EIP_8W-next_line-spp_dev-no-lru-1core 50 50 server_016.champsimtrace.xz

 	 ./run_champsim.sh  hashed_perceptron-EIP_8W-next_line-spp_dev-no-lru-1core 50 50 server_017.champsimtrace.xz

 	 ./run_champsim.sh  hashed_perceptron-EIP_8W-next_line-spp_dev-no-lru-1core 50 50 server_018.champsimtrace.xz

 	 ./run_champsim.sh  hashed_perceptron-EIP_8W-next_line-spp_dev-no-lru-1core 50 50 server_019.champsimtrace.xz

 	 ./run_champsim.sh  hashed_perceptron-EIP_8W-next_line-spp_dev-no-lru-1core 50 50 server_020.champsimtrace.xz

 	 ./run_champsim.sh  hashed_perceptron-EIP_8W-next_line-spp_dev-no-lru-1core 50 50 server_021.champsimtrace.xz

 	 ./run_champsim.sh  hashed_perceptron-EIP_8W-next_line-spp_dev-no-lru-1core 50 50 server_022.champsimtrace.xz

 	 ./run_champsim.sh  hashed_perceptron-EIP_8W-next_line-spp_dev-no-lru-1core 50 50 server_023.champsimtrace.xz

 	 ./run_champsim.sh  hashed_perceptron-EIP_8W-next_line-spp_dev-no-lru-1core 50 50 server_024.champsimtrace.xz

 	 ./run_champsim.sh  hashed_perceptron-EIP_8W-next_line-spp_dev-no-lru-1core 50 50 server_025.champsimtrace.xz

 	 ./run_champsim.sh  hashed_perceptron-EIP_8W-next_line-spp_dev-no-lru-1core 50 50 server_026.champsimtrace.xz

 	 ./run_champsim.sh  hashed_perceptron-EIP_8W-next_line-spp_dev-no-lru-1core 50 50 server_027.champsimtrace.xz

 	 ./run_champsim.sh  hashed_perceptron-EIP_8W-next_line-spp_dev-no-lru-1core 50 50 server_028.champsimtrace.xz

 	 ./run_champsim.sh  hashed_perceptron-EIP_8W-next_line-spp_dev-no-lru-1core 50 50 server_029.champsimtrace.xz

 	 ./run_champsim.sh  hashed_perceptron-EIP_8W-next_line-spp_dev-no-lru-1core 50 50 server_030.champsimtrace.xz

 	 ./run_champsim.sh  hashed_perceptron-EIP_8W-next_line-spp_dev-no-lru-1core 50 50 server_031.champsimtrace.xz

 	 ./run_champsim.sh  hashed_perceptron-EIP_8W-next_line-spp_dev-no-lru-1core 50 50 server_032.champsimtrace.xz

 	 ./run_champsim.sh  hashed_perceptron-EIP_8W-next_line-spp_dev-no-lru-1core 50 50 server_033.champsimtrace.xz

 	 ./run_champsim.sh  hashed_perceptron-EIP_8W-next_line-spp_dev-no-lru-1core 50 50 server_034.champsimtrace.xz

 	 ./run_champsim.sh  hashed_perceptron-EIP_8W-next_line-spp_dev-no-lru-1core 50 50 server_035.champsimtrace.xz

 	 ./run_champsim.sh  hashed_perceptron-EIP_8W-next_line-spp_dev-no-lru-1core 50 50 server_036.champsimtrace.xz

 	 ./run_champsim.sh  hashed_perceptron-EIP_8W-next_line-spp_dev-no-lru-1core 50 50 server_037.champsimtrace.xz

 	 ./run_champsim.sh  hashed_perceptron-EIP_8W-next_line-spp_dev-no-lru-1core 50 50 server_038.champsimtrace.xz

 	 ./run_champsim.sh  hashed_perceptron-EIP_8W-next_line-spp_dev-no-lru-1core 50 50 server_039.champsimtrace.xz

 	 ./run_champsim.sh  hashed_perceptron-EIP_8W-next_line-spp_dev-no-lru-1core 50 50 spec_gcc_001.champsimtrace.xz

 	 ./run_champsim.sh  hashed_perceptron-EIP_8W-next_line-spp_dev-no-lru-1core 50 50 spec_gcc_002.champsimtrace.xz

 	 ./run_champsim.sh  hashed_perceptron-EIP_8W-next_line-spp_dev-no-lru-1core 50 50 spec_gcc_003.champsimtrace.xz

 	 ./run_champsim.sh  hashed_perceptron-EIP_8W-next_line-spp_dev-no-lru-1core 50 50 spec_gobmk_001.champsimtrace.xz

 	 ./run_champsim.sh  hashed_perceptron-EIP_8W-next_line-spp_dev-no-lru-1core 50 50 spec_gobmk_002.champsimtrace.xz

 	 ./run_champsim.sh  hashed_perceptron-EIP_8W-next_line-spp_dev-no-lru-1core 50 50 spec_perlbench_001.champsimtrace.xz

 	 ./run_champsim.sh  hashed_perceptron-EIP_8W-next_line-spp_dev-no-lru-1core 50 50 spec_x264_001.champsimtrace.xz
